Fri, 14 Oct 2016 13:13:14 +0200: /img/v2/header/anvr.png resulted in a 404, came from: http://www.beluga.nl.dev/
Fri, 14 Oct 2016 13:13:14 +0200: /img/v2/footer/sgr-1.png resulted in a 404, came from: http://www.beluga.nl.dev/
Fri, 14 Oct 2016 13:13:14 +0200: /img/v2/header/anvr1.png resulted in a 404, came from: http://www.beluga.nl.dev/
Fri, 14 Oct 2016 13:13:14 +0200: /sitemap.xml resulted in a 404, came from: unknown
Fri, 14 Oct 2016 15:20:19 +0200: /img/v2/header/anvr.png resulted in a 404, came from: http://www.beluga.nl.dev/nieuws
Fri, 14 Oct 2016 15:20:19 +0200: /img/v2/header/anvr.png resulted in a 404, came from: http://www.beluga.nl.dev/nieuws
Fri, 14 Oct 2016 15:20:19 +0200: /img/v2/footer/sgr-1.png resulted in a 404, came from: http://www.beluga.nl.dev/nieuws
Fri, 14 Oct 2016 15:20:19 +0200: /img/v2/header/anvr1.png resulted in a 404, came from: http://www.beluga.nl.dev/nieuws
Fri, 14 Oct 2016 15:20:55 +0200: /img/v2/header/anvr.png resulted in a 404, came from: http://www.beluga.nl.dev/nieuws
Fri, 14 Oct 2016 15:20:55 +0200: /img/v2/footer/sgr-1.png resulted in a 404, came from: http://www.beluga.nl.dev/nieuws
Fri, 14 Oct 2016 15:20:55 +0200: /img/v2/header/anvr.png resulted in a 404, came from: http://www.beluga.nl.dev/nieuws
Fri, 14 Oct 2016 15:20:55 +0200: /img/v2/header/anvr1.png resulted in a 404, came from: http://www.beluga.nl.dev/nieuws
Fri, 14 Oct 2016 15:20:55 +0200: /img/v2/footer/sgr-1.png resulted in a 404, came from: http://www.beluga.nl.dev/nieuws
Fri, 14 Oct 2016 15:21:11 +0200: /img/v2/header/anvr.png resulted in a 404, came from: http://www.beluga.nl.dev/nieuws
Fri, 14 Oct 2016 15:21:11 +0200: /img/v2/footer/sgr-1.png resulted in a 404, came from: http://www.beluga.nl.dev/nieuws
Fri, 14 Oct 2016 15:21:11 +0200: /img/v2/header/anvr1.png resulted in a 404, came from: http://www.beluga.nl.dev/nieuws
Fri, 14 Oct 2016 15:21:11 +0200: /img/v2/header/anvr.png resulted in a 404, came from: http://www.beluga.nl.dev/nieuws
Fri, 14 Oct 2016 15:21:11 +0200: /img/v2/footer/sgr-1.png resulted in a 404, came from: http://www.beluga.nl.dev/nieuws
Fri, 14 Oct 2016 15:54:58 +0200: /img/v2/header/anvr.png resulted in a 404, came from: http://www.beluga.nl.dev/nieuws
Fri, 14 Oct 2016 15:54:58 +0200: /img/v2/footer/sgr-1.png resulted in a 404, came from: http://www.beluga.nl.dev/nieuws
Fri, 14 Oct 2016 15:54:58 +0200: /img/v2/header/anvr1.png resulted in a 404, came from: http://www.beluga.nl.dev/nieuws
Tue, 18 Oct 2016 22:23:06 +0200: /sitemap.xml resulted in a 404, came from: unknown
Tue, 18 Oct 2016 22:23:21 +0200: /sitemap.xml resulted in a 404, came from: unknown
Tue, 18 Oct 2016 22:23:31 +0200: /sitemap.xml resulted in a 404, came from: unknown
