stdClass::__set_state(array(
   'fileurl' => 'http://www.beluga.nl.dev/files/',
   'baseurl' => 'http://www.beluga.nl.dev/',
   'filepath' => '/opt/projects/belugareizen/svn/public_html/files/',
   'uploadpath' => 'http://www.beluga.nl.dev/bright/cms/Upload.php',
   'uploadfolder' => 'files/',
   'imageModes' => 
  array (
  ),
   'sessionId' => '6d7t36fnobr5do5tvj37t7l965',
))
stdClass::__set_state(array(
   'fileurl' => 'http://www.beluga.nl.dev/files/',
   'baseurl' => 'http://www.beluga.nl.dev/',
   'filepath' => '/opt/projects/belugareizen/svn/public_html/files/',
   'uploadpath' => 'http://www.beluga.nl.dev/bright/cms/Upload.php',
   'uploadfolder' => 'files/',
   'imageModes' => 
  array (
  ),
   'sessionId' => 'ucaar35mmt289upeo0tp64j8p0',
))
stdClass::__set_state(array(
   'fileurl' => 'http://www.beluga.nl.dev/files/',
   'baseurl' => 'http://www.beluga.nl.dev/',
   'filepath' => '/opt/projects/belugareizen/svn/public_html/files/',
   'uploadpath' => 'http://www.beluga.nl.dev/bright/cms/Upload.php',
   'uploadfolder' => 'files/',
   'imageModes' => 
  array (
  ),
   'sessionId' => 'ucaar35mmt289upeo0tp64j8p0',
))
stdClass::__set_state(array(
   'fileurl' => 'http://www.beluga.nl.dev/files/',
   'baseurl' => 'http://www.beluga.nl.dev/',
   'filepath' => '/opt/projects/belugareizen/svn/public_html/files/',
   'uploadpath' => 'http://www.beluga.nl.dev/bright/cms/Upload.php',
   'uploadfolder' => 'files/',
   'imageModes' => 
  array (
  ),
   'sessionId' => 'ucaar35mmt289upeo0tp64j8p0',
))
